-------------------------------------------------------------------------------
Test set: org.imw.easybi.EasybiApplicationTests
-------------------------------------------------------------------------------
Tests run: 1, Failures: 0, Errors: 1, Skipped: 0, Time elapsed: 4.886 s <<< FAILURE! - in org.imw.easybi.EasybiApplicationTests
contextLoads(org.imw.easybi.EasybiApplicationTests)  Time elapsed: 0.007 s  <<< ERROR!
java.lang.IllegalStateException: Failed to load ApplicationContext
Caused by: org.springframework.beans.factory.BeanCreationException: Error creating bean with name 'entityManagerFactory' defined in class path resource [org/springframework/boot/autoconfigure/orm/jpa/HibernateJpaConfiguration.class]: Invocation of init method failed; nested exception is org.hibernate.AnnotationException: No identifier specified for entity: org.imw.easybi.pojo.User
Caused by: org.hibernate.AnnotationException: No identifier specified for entity: org.imw.easybi.pojo.User

